Remove Pin from Net: Unknown Pin: Pin -1
Remove Pin from Net: Unknown Pin: Pin -2
Remove Pin from Net: Unknown Pin: Pin -3
Remove Pin from Net: Unknown Pin: Pin -8
Remove Pin from Net: Unknown Pin: Pin -9
Remove Pin from Net: Unknown Pin: Pin -10
Remove Pin from Net: Unknown Pin: Pin -11
Remove Pin from Net: Unknown Pin: Pin -12
Remove Pin from Net: Unknown Pin: Pin -13
Remove Pin from Net: Unknown Pin: Pin -14
Remove Pin from Net: Unknown Pin: Pin -15
Remove Pin from Net: Unknown Pin: Pin -16
Remove Pin from Net: Unknown Pin: Pin -24
Remove Pin from Net: Unknown Pin: Pin -25
Remove Pin from Net: Unknown Pin: Pin -26
Remove Pin from Net: Unknown Pin: Pin -29
Remove Pin from Net: Unknown Pin: Pin -33
Remove Pin from Net: Unknown Pin: Pin -34
Remove Pin from Net: Unknown Pin: Pin -35
Remove Pin from Net: Unknown Pin: Pin -36
Remove Pin from Net: Unknown Pin: Pin -37
Remove Pin from Net: Unknown Pin: Pin -38
Remove Pin from Net: Unknown Pin: Pin -39
Removed Pin From Net: NetName=GND Pin=Boot-1
Removed Pin From Net: NetName=GND Pin=Boot-2
Removed Pin From Net: NetName=BOOT Pin=Boot-3
Removed Pin From Net: NetName=BOOT Pin=Boot-4
Removed Pin From Net: NetName=GND Pin=C6-1
Removed Pin From Net: NetName=+3V3 Pin=C6-2
Removed Pin From Net: NetName=GND Pin=C7-1
Removed Pin From Net: NetName=+3V3 Pin=C7-2
Removed Pin From Net: NetName=+5V Pin=C26-1
Removed Pin From Net: NetName=+5V Pin=C27-1
Removed Pin From Net: NetName=RX0 Pin=D1-2
Removed Pin From Net: NetName=TX0 Pin=D2-2
Removed Pin From Net: NetName=GND Pin=D4-2
Removed Pin From Net: NetName=GND Pin=D5-2
Removed Pin From Net: NetName=GND Pin=D6-2
Removed Pin From Net: NetName=GND Pin=Enable-1
Removed Pin From Net: NetName=GND Pin=Enable-2
Removed Pin From Net: NetName=EN Pin=Enable-3
Removed Pin From Net: NetName=EN Pin=Enable-4
Removed Pin From Net: NetName=NetJ1_1 Pin=J1 Raspberry Pi-1
Removed Pin From Net: NetName=NetJ1_2 Pin=J1 Raspberry Pi-2
Removed Pin From Net: NetName=NetJ1_3 Pin=J1 Raspberry Pi-3
Removed Pin From Net: NetName=GND Pin=J1 Raspberry Pi-5
Removed Pin From Net: NetName=GND Pin=J1 Raspberry Pi-S
Removed Pin From Net: NetName=GND Pin=J1 Raspberry Pi-S
Removed Pin From Net: NetName=GND Pin=J1 Raspberry Pi-S
Removed Pin From Net: NetName=GND Pin=J1 Raspberry Pi-S
Removed Pin From Net: NetName=GND Pin=J1 Raspberry Pi-S
Removed Pin From Net: NetName=GND Pin=J1 Raspberry Pi-S
Removed Pin From Net: NetName=GND Pin=J2 Rudd PWM_1-1
Removed Pin From Net: NetName=NetJ2_2 Pin=J2 Rudd PWM_1-2
Removed Pin From Net: NetName=GND Pin=J3 ESC PWM_1-1
Removed Pin From Net: NetName=NetJ3_2 Pin=J3 ESC PWM_1-2
Removed Pin From Net: NetName=GND Pin=J4 Rudd PWM_2-1
Removed Pin From Net: NetName=NetJ4_2 Pin=J4 Rudd PWM_2-2
Removed Pin From Net: NetName=GND Pin=J5 ESC PWM_2-1
Removed Pin From Net: NetName=GND Pin=J6 CCB Power Input-1
Removed Pin From Net: NetName=+5V Pin=J6 CCB Power Input-2
Removed Pin From Net: NetName=GND Pin=J7 ESP debug-1
Removed Pin From Net: NetName=NetD9_1 Pin=J7 ESP debug-4
Removed Pin From Net: NetName=RC_PWM_ESC Pin=P1 RC Override-1
Removed Pin From Net: NetName=RC_PWM_RUD Pin=P1 RC Override-2
Removed Pin From Net: NetName=GND Pin=P1 RC Override-3
Removed Pin From Net: NetName=+5V_LIDAR Pin=P2 Lidar-1
Removed Pin From Net: NetName=NetMD1_36 Pin=P2 Lidar-4
Removed Pin From Net: NetName=NetMD1_33 Pin=P2 Lidar-5
Removed Pin From Net: NetName=GND Pin=P2 Lidar-6
Removed Pin From Net: NetName=+5V_HULL Pin=P4 Hull RPM2-1
Removed Pin From Net: NetName=NetMD1_24 Pin=P4 Hull RPM2-3
Removed Pin From Net: NetName=NetMD1_36 Pin=P4 Hull RPM2-4
Removed Pin From Net: NetName=NetMD1_33 Pin=P4 Hull RPM2-5
Removed Pin From Net: NetName=GND Pin=P4 Hull RPM2-6
Removed Pin From Net: NetName=+5V_HULL Pin=P5 Hull RPM1-1
Removed Pin From Net: NetName=NetMD1_26 Pin=P5 Hull RPM1-3
Removed Pin From Net: NetName=NetMD1_36 Pin=P5 Hull RPM1-4
Removed Pin From Net: NetName=NetMD1_33 Pin=P5 Hull RPM1-5
Removed Pin From Net: NetName=GND Pin=P5 Hull RPM1-6
Removed Pin From Net: NetName=+3V3_ACC Pin=P6 Accelrometer-1
Removed Pin From Net: NetName=GND Pin=P6 Accelrometer-2
Removed Pin From Net: NetName=NetMD1_36 Pin=P6 Accelrometer-3
Removed Pin From Net: NetName=NetMD1_33 Pin=P6 Accelrometer-4
Removed Pin From Net: NetName=NetMD1_33 Pin=P7 GPS Connector-1
Removed Pin From Net: NetName=GND Pin=P7 GPS Connector-2
Removed Pin From Net: NetName=+3V3_GPS Pin=P7 GPS Connector-5
Removed Pin From Net: NetName=NetMD1_36 Pin=P7 GPS Connector-6
Removed Pin From Net: NetName=NetJ1_1 Pin=R2-1
Removed Pin From Net: NetName=+5V Pin=R2-2
Removed Pin From Net: NetName=NetD2_1 Pin=R5-1
Removed Pin From Net: NetName=+3V3 Pin=R5-2
Removed Pin From Net: NetName=GND Pin=R27-2
Removed Pin From Net: NetName=GND Pin=R28-2
Removed Pin From Net: NetName=NetJ3_2 Pin=S4-6
Removed Pin From Net: NetName=NetJ2_2 Pin=S5-6
Removed Pin From Net: NetName=NetMD1_29 Pin=S5-10
Removed Pin From Net: NetName=NetJ4_2 Pin=S6-6
Removed Pin From Net: NetName=NetMD1_14 Pin=S6-10
Removed Pin From Net: NetName=GND Pin=U2-1
Removed Pin From Net: NetName=TX0 Pin=U2-2
Removed Pin From Net: NetName=RX0 Pin=U2-3
Removed Pin From Net: NetName=NetJ1_3 Pin=U2-5
Removed Pin From Net: NetName=NetJ1_2 Pin=U2-6
Removed Pin From Net: NetName=BOOT Pin=U2-13
Removed Pin From Net: NetName=EN Pin=U2-14
Removed Pin From Net: NetName=+3V3 Pin=U2-16
Removed Pin From Net: NetName=GND Pin=U6-4
Removed Pin From Net: NetName=GND Pin=U7-4
Change Footprint: Footprint Not Found CAP ALSMD POLY 4.3MM H5.5MM
Change Component Footprint: Designator=U2 Old Footprint=CH340C-Footprint-1 New Footprint=QFN28N5X5-0p5P
Change Footprint: Footprint Not Found LED 0805_2012 RED
Change Footprint: Footprint Not Found LED 0805_2012 GREEN
Change Component Comment : Designator=C26 Old Comment=0.1 µF New Comment=1 µF
Change Component Comment : Designator=C6 Old Comment=0.1 µF New Comment=4.7µF
Change Component Comment : Designator=R5 Old Comment=1 kOhms New Comment=10 kOhms
Change Component Comment : Designator=R11 Old Comment=2 kOhms New Comment=1 kOhms
Change Component Comment : Designator=R10 Old Comment=2 kOhms New Comment=10 kOhms
Change Component Comment : Designator=C7 Old Comment=10 µF New Comment=0.1 µF
Change Component Comment : Designator=U2 Old Comment=CH340C New Comment=CP2102
Change Component Comment : Designator=D1 Old Comment=Green New Comment=Red
Change Component Comment : Designator=D2 Old Comment=Red New Comment=Green
Added Component: Designator=(0436500215-Footprint-1)
Add component (AddParameter): Name = "Color"; Value = "Black"; VariantName = "[No Variations]"
Add component (AddParameter): Name = "Connector Type"; Value = "Male Pin"; VariantName = "[No Variations]"
Add component (AddParameter): Name = "Contact Material"; Value = "Brass"; VariantName = "[No Variations]"
Add component (AddParameter): Name = "Contact Plating"; Value = "Tin"; VariantName = "[No Variations]"
Add component (AddParameter): Name = "Contact Resistance"; Value = "30mR"; VariantName = "[No Variations]"
Add component (AddParameter): Name = "Contact Type"; Value = "Male Pin"; VariantName = "[No Variations]"
Add component (AddParameter): Name = "Depth"; Value = "5.57mm"; VariantName = "[No Variations]"
Add component (AddParameter): Name = "Fastening Type"; Value = "Ramp"; VariantName = "[No Variations]"
Add component (AddParameter): Name = "Housing Color"; Value = "Black"; VariantName = "[No Variations]"
Add component (AddParameter): Name = "Housing Material"; Value = "Polymer"; VariantName = "[No Variations]"
Add component (AddParameter): Name = "Length"; Value = "9.65mm"; VariantName = "[No Variations]"
Add component (AddParameter): Name = "Max Operating Temperature"; Value = "105°C"; VariantName = "[No Variations]"
Add component (AddParameter): Name = "Max Voltage Rating (AC)"; Value = "250V"; VariantName = "[No Variations]"
Add component (AddParameter): Name = "Max Voltage Rating (DC)"; Value = "250V"; VariantName = "[No Variations]"
Add component (AddParameter): Name = "Min Operating Temperature"; Value = "-40°C"; VariantName = "[No Variations]"
Add component (AddParameter): Name = "Mount"; Value = "Through Hole"; VariantName = "[No Variations]"
Add component (AddParameter): Name = "Number of Contacts"; Value = "2"; VariantName = "[No Variations]"
Add component (AddParameter): Name = "Number of Ports"; Value = "1"; VariantName = "[No Variations]"
Add component (AddParameter): Name = "Number of Positions"; Value = "2"; VariantName = "[No Variations]"
Add component (AddParameter): Name = "Number of Rows"; Value = "1"; VariantName = "[No Variations]"
Add component (AddParameter): Name = "Number of Terminals/Pins"; Value = "2"; VariantName = "[No Variations]"
Add component (AddParameter): Name = "Orientation"; Value = "Straight"; VariantName = "[No Variations]"
Add component (AddParameter): Name = "Packaging"; Value = "Tray"; VariantName = "[No Variations]"
Add component (AddParameter): Name = "Pitch"; Value = "3mm"; VariantName = "[No Variations]"
Add component (AddParameter): Name = "RoHS Compliant"; Value = "Yes"; VariantName = "[No Variations]"
Add component (AddParameter): Name = "Series"; Value = "Micro-Fit 3.0™ 43650"; VariantName = "[No Variations]"
Add component (AddParameter): Name = "Termination"; Value = "Solder"; VariantName = "[No Variations]"
Added Component: Designator=J1(BEL_SS-52300-001)
Add component (AddParameter): Name = "Availability"; Value = "Unavailable"; VariantName = "[No Variations]"
Add component (AddParameter): Name = "Component Type"; Value = "Standard"; VariantName = "[No Variations]"
Add component (AddParameter): Name = "Design Item ID"; Value = "SS-52300-001"; VariantName = "[No Variations]"
Add component (AddParameter): Name = "MP"; Value = "SS-52300-001"; VariantName = "[No Variations]"
Add component (AddParameter): Name = "Package"; Value = "None"; VariantName = "[No Variations]"
Add component (AddParameter): Name = "Pin Count"; Value = "6"; VariantName = "[No Variations]"
Add component (AddParameter): Name = "Price"; Value = "None"; VariantName = "[No Variations]"
Add component (AddParameter): Name = "Source"; Value = "SS-52300-001.SchLib"; VariantName = "[No Variations]"
Add component (AddParameter): Name = "Value"; Value = ""; VariantName = "[No Variations]"
Added Component: Designator=J2(0436500215-Footprint-1)
Add component (AddParameter): Name = "Color"; Value = "Black"; VariantName = "[No Variations]"
Add component (AddParameter): Name = "Connector Type"; Value = "Male Pin"; VariantName = "[No Variations]"
Add component (AddParameter): Name = "Contact Material"; Value = "Brass"; VariantName = "[No Variations]"
Add component (AddParameter): Name = "Contact Plating"; Value = "Tin"; VariantName = "[No Variations]"
Add component (AddParameter): Name = "Contact Resistance"; Value = "30mR"; VariantName = "[No Variations]"
Add component (AddParameter): Name = "Contact Type"; Value = "Male Pin"; VariantName = "[No Variations]"
Add component (AddParameter): Name = "Depth"; Value = "5.57mm"; VariantName = "[No Variations]"
Add component (AddParameter): Name = "Fastening Type"; Value = "Ramp"; VariantName = "[No Variations]"
Add component (AddParameter): Name = "Housing Color"; Value = "Black"; VariantName = "[No Variations]"
Add component (AddParameter): Name = "Housing Material"; Value = "Polymer"; VariantName = "[No Variations]"
Add component (AddParameter): Name = "Length"; Value = "9.65mm"; VariantName = "[No Variations]"
Add component (AddParameter): Name = "Max Operating Temperature"; Value = "105°C"; VariantName = "[No Variations]"
Add component (AddParameter): Name = "Max Voltage Rating (AC)"; Value = "250V"; VariantName = "[No Variations]"
Add component (AddParameter): Name = "Max Voltage Rating (DC)"; Value = "250V"; VariantName = "[No Variations]"
Add component (AddParameter): Name = "Min Operating Temperature"; Value = "-40°C"; VariantName = "[No Variations]"
Add component (AddParameter): Name = "Mount"; Value = "Through Hole"; VariantName = "[No Variations]"
Add component (AddParameter): Name = "Number of Contacts"; Value = "2"; VariantName = "[No Variations]"
Add component (AddParameter): Name = "Number of Ports"; Value = "1"; VariantName = "[No Variations]"
Add component (AddParameter): Name = "Number of Positions"; Value = "2"; VariantName = "[No Variations]"
Add component (AddParameter): Name = "Number of Rows"; Value = "1"; VariantName = "[No Variations]"
Add component (AddParameter): Name = "Number of Terminals/Pins"; Value = "2"; VariantName = "[No Variations]"
Add component (AddParameter): Name = "Orientation"; Value = "Straight"; VariantName = "[No Variations]"
Add component (AddParameter): Name = "Packaging"; Value = "Tray"; VariantName = "[No Variations]"
Add component (AddParameter): Name = "Pitch"; Value = "3mm"; VariantName = "[No Variations]"
Add component (AddParameter): Name = "RoHS Compliant"; Value = "Yes"; VariantName = "[No Variations]"
Add component (AddParameter): Name = "Series"; Value = "Micro-Fit 3.0™ 43650"; VariantName = "[No Variations]"
Add component (AddParameter): Name = "Termination"; Value = "Solder"; VariantName = "[No Variations]"
Added Component: Designator=J3(0436500215-Footprint-1)
Add component (AddParameter): Name = "Color"; Value = "Black"; VariantName = "[No Variations]"
Add component (AddParameter): Name = "Connector Type"; Value = "Male Pin"; VariantName = "[No Variations]"
Add component (AddParameter): Name = "Contact Material"; Value = "Brass"; VariantName = "[No Variations]"
Add component (AddParameter): Name = "Contact Plating"; Value = "Tin"; VariantName = "[No Variations]"
Add component (AddParameter): Name = "Contact Resistance"; Value = "30mR"; VariantName = "[No Variations]"
Add component (AddParameter): Name = "Contact Type"; Value = "Male Pin"; VariantName = "[No Variations]"
Add component (AddParameter): Name = "Depth"; Value = "5.57mm"; VariantName = "[No Variations]"
Add component (AddParameter): Name = "Fastening Type"; Value = "Ramp"; VariantName = "[No Variations]"
Add component (AddParameter): Name = "Housing Color"; Value = "Black"; VariantName = "[No Variations]"
Add component (AddParameter): Name = "Housing Material"; Value = "Polymer"; VariantName = "[No Variations]"
Add component (AddParameter): Name = "Length"; Value = "9.65mm"; VariantName = "[No Variations]"
Add component (AddParameter): Name = "Max Operating Temperature"; Value = "105°C"; VariantName = "[No Variations]"
Add component (AddParameter): Name = "Max Voltage Rating (AC)"; Value = "250V"; VariantName = "[No Variations]"
Add component (AddParameter): Name = "Max Voltage Rating (DC)"; Value = "250V"; VariantName = "[No Variations]"
Add component (AddParameter): Name = "Min Operating Temperature"; Value = "-40°C"; VariantName = "[No Variations]"
Add component (AddParameter): Name = "Mount"; Value = "Through Hole"; VariantName = "[No Variations]"
Add component (AddParameter): Name = "Number of Contacts"; Value = "2"; VariantName = "[No Variations]"
Add component (AddParameter): Name = "Number of Ports"; Value = "1"; VariantName = "[No Variations]"
Add component (AddParameter): Name = "Number of Positions"; Value = "2"; VariantName = "[No Variations]"
Add component (AddParameter): Name = "Number of Rows"; Value = "1"; VariantName = "[No Variations]"
Add component (AddParameter): Name = "Number of Terminals/Pins"; Value = "2"; VariantName = "[No Variations]"
Add component (AddParameter): Name = "Orientation"; Value = "Straight"; VariantName = "[No Variations]"
Add component (AddParameter): Name = "Packaging"; Value = "Tray"; VariantName = "[No Variations]"
Add component (AddParameter): Name = "Pitch"; Value = "3mm"; VariantName = "[No Variations]"
Add component (AddParameter): Name = "RoHS Compliant"; Value = "Yes"; VariantName = "[No Variations]"
Add component (AddParameter): Name = "Series"; Value = "Micro-Fit 3.0™ 43650"; VariantName = "[No Variations]"
Add component (AddParameter): Name = "Termination"; Value = "Solder"; VariantName = "[No Variations]"
Added Component: Designator=J4(0436500215-Footprint-1)
Add component (AddParameter): Name = "Color"; Value = "Black"; VariantName = "[No Variations]"
Add component (AddParameter): Name = "Connector Type"; Value = "Male Pin"; VariantName = "[No Variations]"
Add component (AddParameter): Name = "Contact Material"; Value = "Brass"; VariantName = "[No Variations]"
Add component (AddParameter): Name = "Contact Plating"; Value = "Tin"; VariantName = "[No Variations]"
Add component (AddParameter): Name = "Contact Resistance"; Value = "30mR"; VariantName = "[No Variations]"
Add component (AddParameter): Name = "Contact Type"; Value = "Male Pin"; VariantName = "[No Variations]"
Add component (AddParameter): Name = "Depth"; Value = "5.57mm"; VariantName = "[No Variations]"
Add component (AddParameter): Name = "Fastening Type"; Value = "Ramp"; VariantName = "[No Variations]"
Add component (AddParameter): Name = "Housing Color"; Value = "Black"; VariantName = "[No Variations]"
Add component (AddParameter): Name = "Housing Material"; Value = "Polymer"; VariantName = "[No Variations]"
Add component (AddParameter): Name = "Length"; Value = "9.65mm"; VariantName = "[No Variations]"
Add component (AddParameter): Name = "Max Operating Temperature"; Value = "105°C"; VariantName = "[No Variations]"
Add component (AddParameter): Name = "Max Voltage Rating (AC)"; Value = "250V"; VariantName = "[No Variations]"
Add component (AddParameter): Name = "Max Voltage Rating (DC)"; Value = "250V"; VariantName = "[No Variations]"
Add component (AddParameter): Name = "Min Operating Temperature"; Value = "-40°C"; VariantName = "[No Variations]"
Add component (AddParameter): Name = "Mount"; Value = "Through Hole"; VariantName = "[No Variations]"
Add component (AddParameter): Name = "Number of Contacts"; Value = "2"; VariantName = "[No Variations]"
Add component (AddParameter): Name = "Number of Ports"; Value = "1"; VariantName = "[No Variations]"
Add component (AddParameter): Name = "Number of Positions"; Value = "2"; VariantName = "[No Variations]"
Add component (AddParameter): Name = "Number of Rows"; Value = "1"; VariantName = "[No Variations]"
Add component (AddParameter): Name = "Number of Terminals/Pins"; Value = "2"; VariantName = "[No Variations]"
Add component (AddParameter): Name = "Orientation"; Value = "Straight"; VariantName = "[No Variations]"
Add component (AddParameter): Name = "Packaging"; Value = "Tray"; VariantName = "[No Variations]"
Add component (AddParameter): Name = "Pitch"; Value = "3mm"; VariantName = "[No Variations]"
Add component (AddParameter): Name = "RoHS Compliant"; Value = "Yes"; VariantName = "[No Variations]"
Add component (AddParameter): Name = "Series"; Value = "Micro-Fit 3.0™ 43650"; VariantName = "[No Variations]"
Add component (AddParameter): Name = "Termination"; Value = "Solder"; VariantName = "[No Variations]"
Added Component: Designator=J6(0436500215-Footprint-1)
Add component (AddParameter): Name = "Color"; Value = "Black"; VariantName = "[No Variations]"
Add component (AddParameter): Name = "Connector Type"; Value = "Male Pin"; VariantName = "[No Variations]"
Add component (AddParameter): Name = "Contact Material"; Value = "Brass"; VariantName = "[No Variations]"
Add component (AddParameter): Name = "Contact Plating"; Value = "Tin"; VariantName = "[No Variations]"
Add component (AddParameter): Name = "Contact Resistance"; Value = "30mR"; VariantName = "[No Variations]"
Add component (AddParameter): Name = "Contact Type"; Value = "Male Pin"; VariantName = "[No Variations]"
Add component (AddParameter): Name = "Depth"; Value = "5.57mm"; VariantName = "[No Variations]"
Add component (AddParameter): Name = "Fastening Type"; Value = "Ramp"; VariantName = "[No Variations]"
Add component (AddParameter): Name = "Housing Color"; Value = "Black"; VariantName = "[No Variations]"
Add component (AddParameter): Name = "Housing Material"; Value = "Polymer"; VariantName = "[No Variations]"
Add component (AddParameter): Name = "Length"; Value = "9.65mm"; VariantName = "[No Variations]"
Add component (AddParameter): Name = "Max Operating Temperature"; Value = "105°C"; VariantName = "[No Variations]"
Add component (AddParameter): Name = "Max Voltage Rating (AC)"; Value = "250V"; VariantName = "[No Variations]"
Add component (AddParameter): Name = "Max Voltage Rating (DC)"; Value = "250V"; VariantName = "[No Variations]"
Add component (AddParameter): Name = "Min Operating Temperature"; Value = "-40°C"; VariantName = "[No Variations]"
Add component (AddParameter): Name = "Mount"; Value = "Through Hole"; VariantName = "[No Variations]"
Add component (AddParameter): Name = "Number of Contacts"; Value = "2"; VariantName = "[No Variations]"
Add component (AddParameter): Name = "Number of Ports"; Value = "1"; VariantName = "[No Variations]"
Add component (AddParameter): Name = "Number of Positions"; Value = "2"; VariantName = "[No Variations]"
Add component (AddParameter): Name = "Number of Rows"; Value = "1"; VariantName = "[No Variations]"
Add component (AddParameter): Name = "Number of Terminals/Pins"; Value = "2"; VariantName = "[No Variations]"
Add component (AddParameter): Name = "Orientation"; Value = "Straight"; VariantName = "[No Variations]"
Add component (AddParameter): Name = "Packaging"; Value = "Tray"; VariantName = "[No Variations]"
Add component (AddParameter): Name = "Pitch"; Value = "3mm"; VariantName = "[No Variations]"
Add component (AddParameter): Name = "RoHS Compliant"; Value = "Yes"; VariantName = "[No Variations]"
Add component (AddParameter): Name = "Series"; Value = "Micro-Fit 3.0™ 43650"; VariantName = "[No Variations]"
Add component (AddParameter): Name = "Termination"; Value = "Solder"; VariantName = "[No Variations]"
Added Component: Designator=J7(HDR1X4)
Add component (AddParameter): Name = "LatestRevisionDate"; Value = "17-Jul-2002"; VariantName = "[No Variations]"
Add component (AddParameter): Name = "LatestRevisionNote"; Value = "Re-released for DXP Platform."; VariantName = "[No Variations]"
Add component (AddParameter): Name = "Publisher"; Value = "Altium Limited"; VariantName = "[No Variations]"
Added Component: Designator=MD1(FP-ESP32-WROOM-32-MFG)
Add component (AddParameter): Name = "Case/Package"; Value = "SMD/SMT"; VariantName = "[No Variations]"
Add component (AddParameter): Name = "Data Rate"; Value = "150Mbps"; VariantName = "[No Variations]"
Add component (AddParameter): Name = "Frequency"; Value = "2.5GHz"; VariantName = "[No Variations]"
Add component (AddParameter): Name = "Max Operating Temperature"; Value = "85°C"; VariantName = "[No Variations]"
Add component (AddParameter): Name = "Min Operating Temperature"; Value = "-40°C"; VariantName = "[No Variations]"
Add component (AddParameter): Name = "Mount"; Value = "Surface Mount"; VariantName = "[No Variations]"
Add component (AddParameter): Name = "Operating Supply Voltage"; Value = "3.6V"; VariantName = "[No Variations]"
Add component (AddParameter): Name = "Package Quantity"; Value = "550"; VariantName = "[No Variations]"
Add component (AddParameter): Name = "Packaging"; Value = "Cut Tape"; VariantName = "[No Variations]"
Add component (AddParameter): Name = "Sensitivity"; Value = "-98dBm"; VariantName = "[No Variations]"
Add component (AddParameter): Name = "Weight"; Value = "0.088185oz"; VariantName = "[No Variations]"
Added Component: Designator=MH1(Mounting Hole M2.5x6mm-Footprint-1)
Added Component: Designator=MH2(Mounting Hole M2.5x6mm-Footprint-1)
Added Component: Designator=MH3(Mounting Hole M2.5x6mm-Footprint-1)
Added Component: Designator=MH4(Mounting Hole M2.5x6mm-Footprint-1)
Added Component: Designator=MH5(Mounting Hole M2.5x6mm-Footprint-1)
Added Component: Designator=MH6(Mounting Hole M2.5x6mm-Footprint-1)
Added Component: Designator=P1(HDR1X3)
Add component (AddParameter): Name = "LatestRevisionDate"; Value = "17-Jul-2002"; VariantName = "[No Variations]"
Add component (AddParameter): Name = "LatestRevisionNote"; Value = "Re-released for DXP Platform."; VariantName = "[No Variations]"
Add component (AddParameter): Name = "Publisher"; Value = "Altium Limited"; VariantName = "[No Variations]"
Added Component: Designator=P2(043650-0618-Footprint-1)
Add component (AddParameter): Name = "Color"; Value = "Black"; VariantName = "[No Variations]"
Add component (AddParameter): Name = "Connector Type"; Value = "Male Pin"; VariantName = "[No Variations]"
Add component (AddParameter): Name = "Contact Material"; Value = "Brass"; VariantName = "[No Variations]"
Add component (AddParameter): Name = "Contact Plating"; Value = "Tin"; VariantName = "[No Variations]"
Add component (AddParameter): Name = "Depth"; Value = "5.57mm"; VariantName = "[No Variations]"
Add component (AddParameter): Name = "Fastening Type"; Value = "Ramp"; VariantName = "[No Variations]"
Add component (AddParameter): Name = "Housing Material"; Value = "Polymer"; VariantName = "[No Variations]"
Add component (AddParameter): Name = "Length"; Value = "21.64mm"; VariantName = "[No Variations]"
Add component (AddParameter): Name = "Max Operating Temperature"; Value = "105°C"; VariantName = "[No Variations]"
Add component (AddParameter): Name = "Min Operating Temperature"; Value = "-40°C"; VariantName = "[No Variations]"
Add component (AddParameter): Name = "Mount"; Value = "Through Hole"; VariantName = "[No Variations]"
Add component (AddParameter): Name = "Number of Contacts"; Value = "6"; VariantName = "[No Variations]"
Add component (AddParameter): Name = "Number of Ports"; Value = "1"; VariantName = "[No Variations]"
Add component (AddParameter): Name = "Number of Positions"; Value = "6"; VariantName = "[No Variations]"
Add component (AddParameter): Name = "Number of Rows"; Value = "1"; VariantName = "[No Variations]"
Add component (AddParameter): Name = "Number of Terminals/Pins"; Value = "6"; VariantName = "[No Variations]"
Add component (AddParameter): Name = "Orientation"; Value = "Straight"; VariantName = "[No Variations]"
Add component (AddParameter): Name = "Package Quantity"; Value = "1530"; VariantName = "[No Variations]"
Add component (AddParameter): Name = "Packaging"; Value = "Tray"; VariantName = "[No Variations]"
Add component (AddParameter): Name = "Pitch"; Value = "3mm"; VariantName = "[No Variations]"
Add component (AddParameter): Name = "RoHS Compliant"; Value = "Yes"; VariantName = "[No Variations]"
Add component (AddParameter): Name = "Termination"; Value = "Solder"; VariantName = "[No Variations]"
Added Component: Designator=P4(043650-0618-Footprint-1)
Add component (AddParameter): Name = "Color"; Value = "Black"; VariantName = "[No Variations]"
Add component (AddParameter): Name = "Connector Type"; Value = "Male Pin"; VariantName = "[No Variations]"
Add component (AddParameter): Name = "Contact Material"; Value = "Brass"; VariantName = "[No Variations]"
Add component (AddParameter): Name = "Contact Plating"; Value = "Tin"; VariantName = "[No Variations]"
Add component (AddParameter): Name = "Depth"; Value = "5.57mm"; VariantName = "[No Variations]"
Add component (AddParameter): Name = "Fastening Type"; Value = "Ramp"; VariantName = "[No Variations]"
Add component (AddParameter): Name = "Housing Material"; Value = "Polymer"; VariantName = "[No Variations]"
Add component (AddParameter): Name = "Length"; Value = "21.64mm"; VariantName = "[No Variations]"
Add component (AddParameter): Name = "Max Operating Temperature"; Value = "105°C"; VariantName = "[No Variations]"
Add component (AddParameter): Name = "Min Operating Temperature"; Value = "-40°C"; VariantName = "[No Variations]"
Add component (AddParameter): Name = "Mount"; Value = "Through Hole"; VariantName = "[No Variations]"
Add component (AddParameter): Name = "Number of Contacts"; Value = "6"; VariantName = "[No Variations]"
Add component (AddParameter): Name = "Number of Ports"; Value = "1"; VariantName = "[No Variations]"
Add component (AddParameter): Name = "Number of Positions"; Value = "6"; VariantName = "[No Variations]"
Add component (AddParameter): Name = "Number of Rows"; Value = "1"; VariantName = "[No Variations]"
Add component (AddParameter): Name = "Number of Terminals/Pins"; Value = "6"; VariantName = "[No Variations]"
Add component (AddParameter): Name = "Orientation"; Value = "Straight"; VariantName = "[No Variations]"
Add component (AddParameter): Name = "Package Quantity"; Value = "1530"; VariantName = "[No Variations]"
Add component (AddParameter): Name = "Packaging"; Value = "Tray"; VariantName = "[No Variations]"
Add component (AddParameter): Name = "Pitch"; Value = "3mm"; VariantName = "[No Variations]"
Add component (AddParameter): Name = "RoHS Compliant"; Value = "Yes"; VariantName = "[No Variations]"
Add component (AddParameter): Name = "Termination"; Value = "Solder"; VariantName = "[No Variations]"
Added Component: Designator=P5(043650-0618-Footprint-1)
Add component (AddParameter): Name = "Color"; Value = "Black"; VariantName = "[No Variations]"
Add component (AddParameter): Name = "Connector Type"; Value = "Male Pin"; VariantName = "[No Variations]"
Add component (AddParameter): Name = "Contact Material"; Value = "Brass"; VariantName = "[No Variations]"
Add component (AddParameter): Name = "Contact Plating"; Value = "Tin"; VariantName = "[No Variations]"
Add component (AddParameter): Name = "Depth"; Value = "5.57mm"; VariantName = "[No Variations]"
Add component (AddParameter): Name = "Fastening Type"; Value = "Ramp"; VariantName = "[No Variations]"
Add component (AddParameter): Name = "Housing Material"; Value = "Polymer"; VariantName = "[No Variations]"
Add component (AddParameter): Name = "Length"; Value = "21.64mm"; VariantName = "[No Variations]"
Add component (AddParameter): Name = "Max Operating Temperature"; Value = "105°C"; VariantName = "[No Variations]"
Add component (AddParameter): Name = "Min Operating Temperature"; Value = "-40°C"; VariantName = "[No Variations]"
Add component (AddParameter): Name = "Mount"; Value = "Through Hole"; VariantName = "[No Variations]"
Add component (AddParameter): Name = "Number of Contacts"; Value = "6"; VariantName = "[No Variations]"
Add component (AddParameter): Name = "Number of Ports"; Value = "1"; VariantName = "[No Variations]"
Add component (AddParameter): Name = "Number of Positions"; Value = "6"; VariantName = "[No Variations]"
Add component (AddParameter): Name = "Number of Rows"; Value = "1"; VariantName = "[No Variations]"
Add component (AddParameter): Name = "Number of Terminals/Pins"; Value = "6"; VariantName = "[No Variations]"
Add component (AddParameter): Name = "Orientation"; Value = "Straight"; VariantName = "[No Variations]"
Add component (AddParameter): Name = "Package Quantity"; Value = "1530"; VariantName = "[No Variations]"
Add component (AddParameter): Name = "Packaging"; Value = "Tray"; VariantName = "[No Variations]"
Add component (AddParameter): Name = "Pitch"; Value = "3mm"; VariantName = "[No Variations]"
Add component (AddParameter): Name = "RoHS Compliant"; Value = "Yes"; VariantName = "[No Variations]"
Add component (AddParameter): Name = "Termination"; Value = "Solder"; VariantName = "[No Variations]"
Added Component: Designator=P6(HDR1X8)
Add component (AddParameter): Name = "LatestRevisionDate"; Value = "17-Jul-2002"; VariantName = "[No Variations]"
Add component (AddParameter): Name = "LatestRevisionNote"; Value = "Re-released for DXP Platform."; VariantName = "[No Variations]"
Add component (AddParameter): Name = "Publisher"; Value = "Altium Limited"; VariantName = "[No Variations]"
Added Component: Designator=P7(043650-0618-Footprint-1)
Add component (AddParameter): Name = "Color"; Value = "Black"; VariantName = "[No Variations]"
Add component (AddParameter): Name = "Connector Type"; Value = "Male Pin"; VariantName = "[No Variations]"
Add component (AddParameter): Name = "Contact Material"; Value = "Brass"; VariantName = "[No Variations]"
Add component (AddParameter): Name = "Contact Plating"; Value = "Tin"; VariantName = "[No Variations]"
Add component (AddParameter): Name = "Depth"; Value = "5.57mm"; VariantName = "[No Variations]"
Add component (AddParameter): Name = "Fastening Type"; Value = "Ramp"; VariantName = "[No Variations]"
Add component (AddParameter): Name = "Housing Material"; Value = "Polymer"; VariantName = "[No Variations]"
Add component (AddParameter): Name = "Length"; Value = "21.64mm"; VariantName = "[No Variations]"
Add component (AddParameter): Name = "Max Operating Temperature"; Value = "105°C"; VariantName = "[No Variations]"
Add component (AddParameter): Name = "Min Operating Temperature"; Value = "-40°C"; VariantName = "[No Variations]"
Add component (AddParameter): Name = "Mount"; Value = "Through Hole"; VariantName = "[No Variations]"
Add component (AddParameter): Name = "Number of Contacts"; Value = "6"; VariantName = "[No Variations]"
Add component (AddParameter): Name = "Number of Ports"; Value = "1"; VariantName = "[No Variations]"
Add component (AddParameter): Name = "Number of Positions"; Value = "6"; VariantName = "[No Variations]"
Add component (AddParameter): Name = "Number of Rows"; Value = "1"; VariantName = "[No Variations]"
Add component (AddParameter): Name = "Number of Terminals/Pins"; Value = "6"; VariantName = "[No Variations]"
Add component (AddParameter): Name = "Orientation"; Value = "Straight"; VariantName = "[No Variations]"
Add component (AddParameter): Name = "Package Quantity"; Value = "1530"; VariantName = "[No Variations]"
Add component (AddParameter): Name = "Packaging"; Value = "Tray"; VariantName = "[No Variations]"
Add component (AddParameter): Name = "Pitch"; Value = "3mm"; VariantName = "[No Variations]"
Add component (AddParameter): Name = "RoHS Compliant"; Value = "Yes"; VariantName = "[No Variations]"
Add component (AddParameter): Name = "Termination"; Value = "Solder"; VariantName = "[No Variations]"
Added Component: Designator=Q5(FP-SOT23-IPC_C)
Add component (AddParameter): Name = "RoHS Compliant"; Value = "Yes"; VariantName = "[No Variations]"
Added Component: Designator=Q6(FP-SOT23-IPC_C)
Add component (AddParameter): Name = "RoHS Compliant"; Value = "Yes"; VariantName = "[No Variations]"
Add Component: Footprint Not Found RES 0603_1608
Add Component: Footprint Not Found TE FSM4JSMA
Add Component: Footprint Not Found TE FSM4JSMA
Added Component: Designator=TP1(FP-S2751-46R-MFG)
Add component (AddParameter): Name = "Body Material"; Value = "Brass"; VariantName = "[No Variations]"
Add component (AddParameter): Name = "Color"; Value = "Natural"; VariantName = "[No Variations]"
Add component (AddParameter): Name = "Material"; Value = "Copper Alloy"; VariantName = "[No Variations]"
Add component (AddParameter): Name = "Mount"; Value = "Surface Mount"; VariantName = "[No Variations]"
Add component (AddParameter): Name = "Packaging"; Value = "Cut Tape"; VariantName = "[No Variations]"
Add component (AddParameter): Name = "Plating"; Value = "Tin"; VariantName = "[No Variations]"
Add component (AddParameter): Name = "Series"; Value = "S2751, EZ BoardWare"; VariantName = "[No Variations]"
Added Component: Designator=TP2(FP-S2751-46R-MFG)
Add component (AddParameter): Name = "Body Material"; Value = "Brass"; VariantName = "[No Variations]"
Add component (AddParameter): Name = "Color"; Value = "Natural"; VariantName = "[No Variations]"
Add component (AddParameter): Name = "Material"; Value = "Copper Alloy"; VariantName = "[No Variations]"
Add component (AddParameter): Name = "Mount"; Value = "Surface Mount"; VariantName = "[No Variations]"
Add component (AddParameter): Name = "Packaging"; Value = "Cut Tape"; VariantName = "[No Variations]"
Add component (AddParameter): Name = "Plating"; Value = "Tin"; VariantName = "[No Variations]"
Add component (AddParameter): Name = "Series"; Value = "S2751, EZ BoardWare"; VariantName = "[No Variations]"
Added Pin To Net: NetName=GND Pin=-1
Added Pin To Net: NetName=+3V3 Pin=C2-2
Added Pin To Net: NetName=+3V3 Pin=C6-1
Added Pin To Net: NetName=GND Pin=C6-2
Added Pin To Net: NetName=+3V3 Pin=C7-1
Added Pin To Net: NetName=GND Pin=C7-2
Added Pin To Net: NetName=GND Pin=C14-1
Added Pin To Net: NetName=+3V3 Pin=C14-2
Added Pin To Net: NetName=GND Pin=C26-1
Added Pin To Net: NetName=+5V Pin=C26-2
Added Pin To Net: NetName=GND Pin=C27-1
Added Pin To Net: NetName=+5V Pin=C27-2
Added Pin To Net: NetName=TX0 Pin=D1-2
Added Pin To Net: NetName=RX0 Pin=D2-2
Added Pin To Net: NetName=NetJ1_1 Pin=J1-1
Added Pin To Net: NetName=NetJ1_2 Pin=J1-2
Added Pin To Net: NetName=NetJ1_3 Pin=J1-3
Added Pin To Net: NetName=GND Pin=J1-S1
Added Pin To Net: NetName=GND Pin=J1-S2
Added Pin To Net: NetName=GND Pin=J2-1
Added Pin To Net: NetName=NetJ2_2 Pin=J2-2
Added Pin To Net: NetName=GND Pin=J3-1
Added Pin To Net: NetName=NetJ3_2 Pin=J3-2
Added Pin To Net: NetName=GND Pin=J4-1
Added Pin To Net: NetName=NetJ4_2 Pin=J4-2
Added Pin To Net: NetName=GND Pin=J6-1
Added Pin To Net: NetName=+5V Pin=J6-2
Added Pin To Net: NetName=GND Pin=J7-1
Added Pin To Net: NetName=NetD9_1 Pin=J7-4
Added Pin To Net: NetName=GND Pin=MD1-1
Added Pin To Net: NetName=+3V3 Pin=MD1-2
Added Pin To Net: NetName=EN Pin=MD1-3
Added Pin To Net: NetName=NetC28_1 Pin=MD1-8
Added Pin To Net: NetName=NetC24_1 Pin=MD1-9
Added Pin To Net: NetName=NetMD1_10 Pin=MD1-10
Added Pin To Net: NetName=NetMD1_11 Pin=MD1-11
Added Pin To Net: NetName=NetMD1_12 Pin=MD1-12
Added Pin To Net: NetName=NetMD1_13 Pin=MD1-13
Added Pin To Net: NetName=NetMD1_14 Pin=MD1-14
Added Pin To Net: NetName=GND Pin=MD1-15
Added Pin To Net: NetName=NetMD1_16 Pin=MD1-16
Added Pin To Net: NetName=5 VOLT OUTPUT Pin=MD1-23
Added Pin To Net: NetName=NetMD1_24 Pin=MD1-24
Added Pin To Net: NetName=BOOT Pin=MD1-25
Added Pin To Net: NetName=NetMD1_26 Pin=MD1-26
Added Pin To Net: NetName=NetMD1_29 Pin=MD1-29
Added Pin To Net: NetName=NetMD1_33 Pin=MD1-33
Added Pin To Net: NetName=TX0 Pin=MD1-34
Added Pin To Net: NetName=RX0 Pin=MD1-35
Added Pin To Net: NetName=NetMD1_36 Pin=MD1-36
Added Pin To Net: NetName=NetMD1_37 Pin=MD1-37
Added Pin To Net: NetName=GND Pin=MD1-38
Added Pin To Net: NetName=GND Pin=MD1-39
Added Pin To Net: NetName=GND Pin=MD1-39
Added Pin To Net: NetName=GND Pin=MD1-39
Added Pin To Net: NetName=GND Pin=MD1-39
Added Pin To Net: NetName=GND Pin=MD1-39
Added Pin To Net: NetName=GND Pin=MD1-39
Added Pin To Net: NetName=GND Pin=MD1-39
Added Pin To Net: NetName=GND Pin=MD1-39
Added Pin To Net: NetName=GND Pin=MD1-39
Added Pin To Net: NetName=RC_PWM_ESC Pin=P1-1
Added Pin To Net: NetName=RC_PWM_RUD Pin=P1-2
Added Pin To Net: NetName=GND Pin=P1-3
Added Pin To Net: NetName=+5V_LIDAR Pin=P2-1
Added Pin To Net: NetName=NetMD1_36 Pin=P2-4
Added Pin To Net: NetName=NetMD1_33 Pin=P2-5
Added Pin To Net: NetName=GND Pin=P2-6
Added Pin To Net: NetName=+5V_HULL Pin=P4-1
Added Pin To Net: NetName=NetMD1_26 Pin=P4-3
Added Pin To Net: NetName=NetMD1_36 Pin=P4-4
Added Pin To Net: NetName=NetMD1_33 Pin=P4-5
Added Pin To Net: NetName=GND Pin=P4-6
Added Pin To Net: NetName=+5V_HULL Pin=P5-1
Added Pin To Net: NetName=NetMD1_24 Pin=P5-3
Added Pin To Net: NetName=NetMD1_36 Pin=P5-4
Added Pin To Net: NetName=NetMD1_33 Pin=P5-5
Added Pin To Net: NetName=GND Pin=P5-6
Added Pin To Net: NetName=+3V3_ACC Pin=P6-1
Added Pin To Net: NetName=GND Pin=P6-2
Added Pin To Net: NetName=NetMD1_36 Pin=P6-3
Added Pin To Net: NetName=NetMD1_33 Pin=P6-4
Added Pin To Net: NetName=NetMD1_33 Pin=P7-1
Added Pin To Net: NetName=GND Pin=P7-2
Added Pin To Net: NetName=+3V3_GPS Pin=P7-5
Added Pin To Net: NetName=NetMD1_36 Pin=P7-6
Added Pin To Net: NetName=EN Pin=Q5-3
Added Pin To Net: NetName=BOOT Pin=Q6-3
Added Pin To Net: NetName=+3V3 Pin=R1-2
Added Pin To Net: NetName=+5V Pin=R2-1
Added Pin To Net: NetName=NetJ1_1 Pin=R2-2
Added Pin To Net: NetName=NetD2_1 Pin=R11-1
Added Pin To Net: NetName=+3V3 Pin=R11-2
Added Pin To Net: NetName=GND Pin=R14-1
Add Pin To Net: Unknown Pin: Pin R25-1
Add Pin To Net: Unknown Pin: Pin R25-2
Add Pin To Net: Unknown Pin: Pin S1-1
Add Pin To Net: Unknown Pin: Pin S1-2
Add Pin To Net: Unknown Pin: Pin S1-3
Add Pin To Net: Unknown Pin: Pin S1-4
Add Pin To Net: Unknown Pin: Pin S2-1
Add Pin To Net: Unknown Pin: Pin S2-2
Add Pin To Net: Unknown Pin: Pin S2-3
Add Pin To Net: Unknown Pin: Pin S2-4
Added Pin To Net: NetName=NetJ4_2 Pin=S3-6
Added Pin To Net: NetName=NetJ2_2 Pin=S4-6
Added Pin To Net: NetName=NetJ3_2 Pin=S5-6
Added Pin To Net: NetName=NetMD1_14 Pin=S5-10
Added Pin To Net: NetName=NetMD1_29 Pin=S6-10
Added Pin To Net: NetName=TX0 Pin=TP1-1
Added Pin To Net: NetName=RX0 Pin=TP2-1
Added Pin To Net: NetName=GND Pin=U1-3
Added Pin To Net: NetName=+3V3 Pin=U1-4
Added Pin To Net: NetName=GND Pin=U2-3
Added Pin To Net: NetName=NetJ1_3 Pin=U2-4
Added Pin To Net: NetName=NetJ1_2 Pin=U2-5
Added Pin To Net: NetName=+3V3 Pin=U2-6
Added Pin To Net: NetName=+5V Pin=U2-7
Added Pin To Net: NetName=+5V Pin=U2-8
Added Pin To Net: NetName=RX0 Pin=U2-25
Added Pin To Net: NetName=TX0 Pin=U2-26
Added Pin To Net: NetName=GND Pin=U2-29
Change Net Name : Old Net Name=NetC24_1 New Net Name=EN_RUD
Change Net Name : Old Net Name=NetC28_1 New Net Name=EN_ESC
Added Pin To Net: NetName=Net_2 Pin=-2
Added Pin To Net: NetName=Net_2 Pin=S6-6
Added Net: Name=Net_2
Added Pin To Net: NetName=NetC1_1 Pin=C1-1
Added Pin To Net: NetName=NetC1_1 Pin=U1-6
Added Net: Name=NetC1_1
Added Pin To Net: NetName=NetQ5_1 Pin=Q5-1
Added Pin To Net: NetName=NetQ5_1 Pin=R5-1
Added Net: Name=NetQ5_1
Added Pin To Net: NetName=NetQ6_1 Pin=Q6-1
Added Pin To Net: NetName=NetQ6_1 Pin=R10-1
Added Net: Name=NetQ6_1
Added Member To Class: ClassName=U_Output Connections Member=Component  0436500215
Added Member To Class: ClassName=U_Communication Member=Component J1 SS-52300-001
Added Member To Class: ClassName=U_Output Connections Member=Component J2 0436500215
Added Member To Class: ClassName=U_Output Connections Member=Component J3 0436500215
Added Member To Class: ClassName=U_Output Connections Member=Component J4 0436500215
Added Member To Class: ClassName=U_Input Connections Member=Component J6 0436500215
Added Member To Class: ClassName=U_Communication Member=Component J7 Header 4
Added Member To Class: ClassName=U_Microcontroller Member=Component MD1 ESP32-WROOM-32
Added Member To Class: ClassName=U_Output Connections Member=Component MH1 Mounting Hole M2.5x6mm
Added Member To Class: ClassName=U_Output Connections Member=Component MH2 Mounting Hole M2.5x6mm
Added Member To Class: ClassName=U_Output Connections Member=Component MH3 Mounting Hole M2.5x6mm
Added Member To Class: ClassName=U_Output Connections Member=Component MH4 Mounting Hole M2.5x6mm
Added Member To Class: ClassName=U_Output Connections Member=Component MH5 Mounting Hole M2.5x6mm
Added Member To Class: ClassName=U_Output Connections Member=Component MH6 Mounting Hole M2.5x6mm
Added Member To Class: ClassName=U_Communication Member=Component P1 Header 3
Added Member To Class: ClassName=U_Communication Member=Component P2 043650-0618
Added Member To Class: ClassName=U_Communication Member=Component P4 043650-0618
Added Member To Class: ClassName=U_Communication Member=Component P5 043650-0618
Added Member To Class: ClassName=U_Communication Member=Component P6 Accelerometer Connector
Added Member To Class: ClassName=U_Communication Member=Component P7 043650-0618
Added Member To Class: ClassName=U_Microcontroller Member=Component Q5 BC817,215
Added Member To Class: ClassName=U_Microcontroller Member=Component Q6 BC817,215
Add Class Member: Failed to add class member : Component R25 10 kOhms
Add Class Member: Failed to add class member : Component S1 1977223-9
Add Class Member: Failed to add class member : Component S2 1977223-9
Added Member To Class: ClassName=U_Microcontroller Member=Component TP1 S2751-46R
Added Member To Class: ClassName=U_Microcontroller Member=Component TP2 S2751-46R
