Removed Pin From Net: NetName=+5V Pin=D9-2
Removed Pin From Net: NetName=NetJ1_1 Pin=J1-1
Removed Pin From Net: NetName=GND Pin=J1-4
Removed Pin From Net: NetName=GND Pin=J1-S
Removed Pin From Net: NetName=GND Pin=J1-S
Removed Pin From Net: NetName=GND Pin=J7-1
Removed Pin From Net: NetName=TX0 Pin=J7-2
Removed Pin From Net: NetName=RX0 Pin=J7-3
Removed Pin From Net: NetName=NetJ1_1 Pin=R14-1
Removed Pin From Net: NetName=+5V_RPi Pin=R14-2
Removed Member From Class: ClassName=U_Communication Member=J7
Removed Member From Class: ClassName=U_Communication Member=R14
Added Component: Designator=D5(0402)
Add component (AddParameter): Name = "Applications"; Value = "Automotive"; VariantName = "[No Variations]"
Add component (AddParameter): Name = "Bidirectional Channels"; Value = "1"; VariantName = "[No Variations]"
Add component (AddParameter): Name = "Capacitance @ Frequency"; Value = "12pF @ 1MHz"; VariantName = "[No Variations]"
Add component (AddParameter): Name = "ComponentLink1Description"; Value = "Datasheet"; VariantName = "[No Variations]"
Add component (AddParameter): Name = "ComponentLink1URL"; Value = "http://www.ti.com/general/docs/suppproductinfo.tsp?distId=10&gotoUrl=http%3A%2F%2Fwww.ti.com%2Flit%2Fgpn%2Ftpd1e10b06-q1"; VariantName = "[No Variations]"
Add component (AddParameter): Name = "ComponentLink2Description"; Value = "DigiKey Link"; VariantName = "[No Variations]"
Add component (AddParameter): Name = "ComponentLink2URL"; Value = "https://www.digikey.com/en/products/detail/texas-instruments/TPD1E10B06QDPYRQ1/6609845"; VariantName = "[No Variations]"
Add component (AddParameter): Name = "Current - Peak Pulse (10/1000탎)"; Value = "6A (8/20탎)"; VariantName = "[No Variations]"
Add component (AddParameter): Name = "Device Package"; Value = "0402 (1005 Metric)"; VariantName = "[No Variations]"
Add component (AddParameter): Name = "LastUpdated"; Value = "2022-09-19 2:05:54 PM"; VariantName = "[No Variations]"
Add component (AddParameter): Name = "Lifecycle Status"; Value = "Active"; VariantName = "[No Variations]"
Add component (AddParameter): Name = "Manufacturer"; Value = "Texas Instruments"; VariantName = "[No Variations]"
Add component (AddParameter): Name = "Minimum Order"; Value = "1"; VariantName = "[No Variations]"
Add component (AddParameter): Name = "Mounting Type"; Value = "Surface Mount"; VariantName = "[No Variations]"
Add component (AddParameter): Name = "Operating Temperature"; Value = "-40캜 ~ 125캜 (TA)"; VariantName = "[No Variations]"
Add component (AddParameter): Name = "Package / Case"; Value = "0402 (1005 Metric)"; VariantName = "[No Variations]"
Add component (AddParameter): Name = "Packaging"; Value = "TapeAndReel"; VariantName = "[No Variations]"
Add component (AddParameter): Name = "Part Number"; Value = "TPD1E10B06QDPYRQ1"; VariantName = "[No Variations]"
Add component (AddParameter): Name = "Part Status"; Value = "Active"; VariantName = "[No Variations]"
Add component (AddParameter): Name = "PartId"; Value = "10475"; VariantName = "[No Variations]"
Add component (AddParameter): Name = "Power - Peak Pulse"; Value = "90W"; VariantName = "[No Variations]"
Add component (AddParameter): Name = "Power Line Protection"; Value = "No"; VariantName = "[No Variations]"
Add component (AddParameter): Name = "Price"; Value = "0.09"; VariantName = "[No Variations]"
Add component (AddParameter): Name = "Series"; Value = "Automotive, AEC-Q101"; VariantName = "[No Variations]"
Add component (AddParameter): Name = "Supplier 1"; Value = "DigiKey"; VariantName = "[No Variations]"
Add component (AddParameter): Name = "Supplier Device Package"; Value = "2-X1SON (1x.60)"; VariantName = "[No Variations]"
Add component (AddParameter): Name = "Supplier Part Number 1"; Value = "296-TPD1E10B06QDPYRQ1CT-ND"; VariantName = "[No Variations]"
Add component (AddParameter): Name = "Type"; Value = "Zener"; VariantName = "[No Variations]"
Add component (AddParameter): Name = "Voltage - Breakdown (Min)"; Value = "6V"; VariantName = "[No Variations]"
Add component (AddParameter): Name = "Voltage - Clamping (Max) @ Ipp"; Value = "14V (Typ)"; VariantName = "[No Variations]"
Add component (AddParameter): Name = "Voltage - Reverse Standoff (Typ)"; Value = "5.5V (Max)"; VariantName = "[No Variations]"
Added Component: Designator=D6(0402)
Add component (AddParameter): Name = "Applications"; Value = "General Purpose"; VariantName = "[No Variations]"
Add component (AddParameter): Name = "Capacitance @ Frequency"; Value = "0.9pF @ 1MHz"; VariantName = "[No Variations]"
Add component (AddParameter): Name = "ComponentLink1Description"; Value = "Datasheet"; VariantName = "[No Variations]"
Add component (AddParameter): Name = "ComponentLink1URL"; Value = "http://www.ti.com/general/docs/suppproductinfo.tsp?distId=10&gotoUrl=http%3A%2F%2Fwww.ti.com%2Flit%2Fgpn%2Fesd321"; VariantName = "[No Variations]"
Add component (AddParameter): Name = "ComponentLink2Description"; Value = "DigiKey Link"; VariantName = "[No Variations]"
Add component (AddParameter): Name = "ComponentLink2URL"; Value = "https://www.digikey.com/en/products/detail/texas-instruments/ESD321DPYR/9559035"; VariantName = "[No Variations]"
Add component (AddParameter): Name = "Current - Peak Pulse (10/1000탎)"; Value = "6A (8/20탎)"; VariantName = "[No Variations]"
Add component (AddParameter): Name = "Device Package"; Value = "0402 (1005 Metric)"; VariantName = "[No Variations]"
Add component (AddParameter): Name = "LastUpdated"; Value = "2022-09-19 2:05:48 PM"; VariantName = "[No Variations]"
Add component (AddParameter): Name = "Lifecycle Status"; Value = "Active"; VariantName = "[No Variations]"
Add component (AddParameter): Name = "Manufacturer"; Value = "Texas Instruments"; VariantName = "[No Variations]"
Add component (AddParameter): Name = "Minimum Order"; Value = "1"; VariantName = "[No Variations]"
Add component (AddParameter): Name = "Mounting Type"; Value = "Surface Mount"; VariantName = "[No Variations]"
Add component (AddParameter): Name = "Operating Temperature"; Value = "-40캜 ~ 125캜 (TA)"; VariantName = "[No Variations]"
Add component (AddParameter): Name = "Package / Case"; Value = "0402 (1005 Metric)"; VariantName = "[No Variations]"
Add component (AddParameter): Name = "Packaging"; Value = "TapeAndReel"; VariantName = "[No Variations]"
Add component (AddParameter): Name = "Part Number"; Value = "ESD321DPYR"; VariantName = "[No Variations]"
Add component (AddParameter): Name = "Part Status"; Value = "Active"; VariantName = "[No Variations]"
Add component (AddParameter): Name = "PartId"; Value = "11534"; VariantName = "[No Variations]"
Add component (AddParameter): Name = "Power - Peak Pulse"; Value = "40W"; VariantName = "[No Variations]"
Add component (AddParameter): Name = "Power Line Protection"; Value = "No"; VariantName = "[No Variations]"
Add component (AddParameter): Name = "Price"; Value = "0.10"; VariantName = "[No Variations]"
Add component (AddParameter): Name = "Series"; Value = "-"; VariantName = "[No Variations]"
Add component (AddParameter): Name = "Supplier 1"; Value = "DigiKey"; VariantName = "[No Variations]"
Add component (AddParameter): Name = "Supplier Device Package"; Value = "2-X1SON (1x.60)"; VariantName = "[No Variations]"
Add component (AddParameter): Name = "Supplier Part Number 1"; Value = "296-51108-1-ND"; VariantName = "[No Variations]"
Add component (AddParameter): Name = "Type"; Value = "Zener"; VariantName = "[No Variations]"
Add component (AddParameter): Name = "Unidirectional Channels"; Value = "1"; VariantName = "[No Variations]"
Add component (AddParameter): Name = "Voltage - Breakdown (Min)"; Value = "4.5V"; VariantName = "[No Variations]"
Add component (AddParameter): Name = "Voltage - Clamping (Max) @ Ipp"; Value = "6.8V (Typ)"; VariantName = "[No Variations]"
Add component (AddParameter): Name = "Voltage - Reverse Standoff (Typ)"; Value = "3.6V (Max)"; VariantName = "[No Variations]"
Added Component: Designator=D9(0402)
Add component (AddParameter): Name = "Applications"; Value = "General Purpose"; VariantName = "[No Variations]"
Add component (AddParameter): Name = "Capacitance @ Frequency"; Value = "0.9pF @ 1MHz"; VariantName = "[No Variations]"
Add component (AddParameter): Name = "ComponentLink1Description"; Value = "Datasheet"; VariantName = "[No Variations]"
Add component (AddParameter): Name = "ComponentLink1URL"; Value = "http://www.ti.com/general/docs/suppproductinfo.tsp?distId=10&gotoUrl=http%3A%2F%2Fwww.ti.com%2Flit%2Fgpn%2Fesd321"; VariantName = "[No Variations]"
Add component (AddParameter): Name = "ComponentLink2Description"; Value = "DigiKey Link"; VariantName = "[No Variations]"
Add component (AddParameter): Name = "ComponentLink2URL"; Value = "https://www.digikey.com/en/products/detail/texas-instruments/ESD321DPYR/9559035"; VariantName = "[No Variations]"
Add component (AddParameter): Name = "Current - Peak Pulse (10/1000탎)"; Value = "6A (8/20탎)"; VariantName = "[No Variations]"
Add component (AddParameter): Name = "Device Package"; Value = "0402 (1005 Metric)"; VariantName = "[No Variations]"
Add component (AddParameter): Name = "LastUpdated"; Value = "2022-09-19 2:05:48 PM"; VariantName = "[No Variations]"
Add component (AddParameter): Name = "Lifecycle Status"; Value = "Active"; VariantName = "[No Variations]"
Add component (AddParameter): Name = "Manufacturer"; Value = "Texas Instruments"; VariantName = "[No Variations]"
Add component (AddParameter): Name = "Minimum Order"; Value = "1"; VariantName = "[No Variations]"
Add component (AddParameter): Name = "Mounting Type"; Value = "Surface Mount"; VariantName = "[No Variations]"
Add component (AddParameter): Name = "Operating Temperature"; Value = "-40캜 ~ 125캜 (TA)"; VariantName = "[No Variations]"
Add component (AddParameter): Name = "Package / Case"; Value = "0402 (1005 Metric)"; VariantName = "[No Variations]"
Add component (AddParameter): Name = "Packaging"; Value = "TapeAndReel"; VariantName = "[No Variations]"
Add component (AddParameter): Name = "Part Number"; Value = "ESD321DPYR"; VariantName = "[No Variations]"
Add component (AddParameter): Name = "Part Status"; Value = "Active"; VariantName = "[No Variations]"
Add component (AddParameter): Name = "PartId"; Value = "11534"; VariantName = "[No Variations]"
Add component (AddParameter): Name = "Power - Peak Pulse"; Value = "40W"; VariantName = "[No Variations]"
Add component (AddParameter): Name = "Power Line Protection"; Value = "No"; VariantName = "[No Variations]"
Add component (AddParameter): Name = "Price"; Value = "0.10"; VariantName = "[No Variations]"
Add component (AddParameter): Name = "Series"; Value = "-"; VariantName = "[No Variations]"
Add component (AddParameter): Name = "Supplier 1"; Value = "DigiKey"; VariantName = "[No Variations]"
Add component (AddParameter): Name = "Supplier Device Package"; Value = "2-X1SON (1x.60)"; VariantName = "[No Variations]"
Add component (AddParameter): Name = "Supplier Part Number 1"; Value = "296-51108-1-ND"; VariantName = "[No Variations]"
Add component (AddParameter): Name = "Type"; Value = "Zener"; VariantName = "[No Variations]"
Add component (AddParameter): Name = "Unidirectional Channels"; Value = "1"; VariantName = "[No Variations]"
Add component (AddParameter): Name = "Voltage - Breakdown (Min)"; Value = "4.5V"; VariantName = "[No Variations]"
Add component (AddParameter): Name = "Voltage - Clamping (Max) @ Ipp"; Value = "6.8V (Typ)"; VariantName = "[No Variations]"
Add component (AddParameter): Name = "Voltage - Reverse Standoff (Typ)"; Value = "3.6V (Max)"; VariantName = "[No Variations]"
Added Component: Designator=J1(FCI USB 10118193-0001LF)
Add component (AddParameter): Name = "ComponentLink1Description"; Value = "Datasheet"; VariantName = "[No Variations]"
Add component (AddParameter): Name = "ComponentLink1URL"; Value = "https://cdn.amphenol-icc.com/media/wysiwyg/files/documentation/datasheet/inputoutput/io_usb_micro.pdf"; VariantName = "[No Variations]"
Add component (AddParameter): Name = "ComponentLink2Description"; Value = "DigiKey Link"; VariantName = "[No Variations]"
Add component (AddParameter): Name = "ComponentLink2URL"; Value = "//digikey.com/product-detail/en/amphenol-icc-fci/10118193-0001LF/609-4616-2-ND/2785388"; VariantName = "[No Variations]"
Add component (AddParameter): Name = "Connector Type"; Value = "USB - micro B"; VariantName = "[No Variations]"
Add component (AddParameter): Name = "Current Rating (Amps)"; Value = "1.8A per Contact"; VariantName = "[No Variations]"
Add component (AddParameter): Name = "Features"; Value = "Solder Retention"; VariantName = "[No Variations]"
Add component (AddParameter): Name = "Gender"; Value = "Receptacle"; VariantName = "[No Variations]"
Add component (AddParameter): Name = "LastUpdated"; Value = "2019-12-09 8:51:28 PM"; VariantName = "[No Variations]"
Add component (AddParameter): Name = "Lifecycle Status"; Value = "0"; VariantName = "[No Variations]"
Add component (AddParameter): Name = "Manufacturer"; Value = "Amphenol ICC (FCI)"; VariantName = "[No Variations]"
Add component (AddParameter): Name = "Mating Cycles"; Value = "10000"; VariantName = "[No Variations]"
Add component (AddParameter): Name = "Minimum Order"; Value = "1"; VariantName = "[No Variations]"
Add component (AddParameter): Name = "Mounting Feature"; Value = "Horizontal"; VariantName = "[No Variations]"
Add component (AddParameter): Name = "Mounting Type"; Value = "Surface Mount, Right Angle; Through Hole"; VariantName = "[No Variations]"
Add component (AddParameter): Name = "Number of Contacts"; Value = "5"; VariantName = "[No Variations]"
Add component (AddParameter): Name = "Number of Ports"; Value = "1"; VariantName = "[No Variations]"
Add component (AddParameter): Name = "Operating Temperature"; Value = "-30캜 ~ 80캜"; VariantName = "[No Variations]"
Add component (AddParameter): Name = "Packaging"; Value = "TapeAndReel"; VariantName = "[No Variations]"
Add component (AddParameter): Name = "Part Number"; Value = "10118193-0001LF"; VariantName = "[No Variations]"
Add component (AddParameter): Name = "Part Status"; Value = "Active"; VariantName = "[No Variations]"
Add component (AddParameter): Name = "Price"; Value = "0.21"; VariantName = "[No Variations]"
Add component (AddParameter): Name = "Series"; Value = "-"; VariantName = "[No Variations]"
Add component (AddParameter): Name = "Shielding"; Value = "Shielded"; VariantName = "[No Variations]"
Add component (AddParameter): Name = "Specifications"; Value = "USB 2.0"; VariantName = "[No Variations]"
Add component (AddParameter): Name = "Supplier 1"; Value = "DigiKey"; VariantName = "[No Variations]"
Add component (AddParameter): Name = "Supplier Part Number 1"; Value = "609-4616-2-ND"; VariantName = "[No Variations]"
Add component (AddParameter): Name = "Termination"; Value = "Solder"; VariantName = "[No Variations]"
Add component (AddParameter): Name = "Voltage - Rated"; Value = "100VAC"; VariantName = "[No Variations]"
Added Component: Designator=R9(RES 0603_1608)
Add component (AddParameter): Name = "ComponentLink1Description"; Value = "Datasheet"; VariantName = "[No Variations]"
Add component (AddParameter): Name = "ComponentLink1URL"; Value = "http://www.vishay.com/docs/28773/crcwce3.pdf"; VariantName = "[No Variations]"
Add component (AddParameter): Name = "ComponentLink2Description"; Value = "DigiKey Link"; VariantName = "[No Variations]"
Add component (AddParameter): Name = "ComponentLink2URL"; Value = "https://www.digikey.com/en/products/detail/vishay-dale/CRCW06030000Z0EBC/7928435"; VariantName = "[No Variations]"
Add component (AddParameter): Name = "Composition"; Value = "Thick Film"; VariantName = "[No Variations]"
Add component (AddParameter): Name = "Device Package"; Value = "0603 (1608 Metric)"; VariantName = "[No Variations]"
Add component (AddParameter): Name = "Height - Seated (Max)"; Value = "0.022" (0.55mm)"; VariantName = "[No Variations]"
Add component (AddParameter): Name = "LastUpdated"; Value = "2022-03-07 3:35:54 PM"; VariantName = "[No Variations]"
Add component (AddParameter): Name = "Lifecycle Status"; Value = "Active"; VariantName = "[No Variations]"
Add component (AddParameter): Name = "Manufacturer"; Value = "Vishay Dale"; VariantName = "[No Variations]"
Add component (AddParameter): Name = "Minimum Order"; Value = "1"; VariantName = "[No Variations]"
Add component (AddParameter): Name = "Number of Terminations"; Value = "2"; VariantName = "[No Variations]"
Add component (AddParameter): Name = "Operating Temperature"; Value = "-55캜 ~ 155캜"; VariantName = "[No Variations]"
Add component (AddParameter): Name = "Package / Case"; Value = "0603 (1608 Metric)"; VariantName = "[No Variations]"
Add component (AddParameter): Name = "Packaging"; Value = "CutTape"; VariantName = "[No Variations]"
Add component (AddParameter): Name = "Part Number"; Value = "CRCW06030000Z0EBC"; VariantName = "[No Variations]"
Add component (AddParameter): Name = "Part Status"; Value = "Active"; VariantName = "[No Variations]"
Add component (AddParameter): Name = "PartId"; Value = "6257"; VariantName = "[No Variations]"
Add component (AddParameter): Name = "Power (Watts)"; Value = "0.1W, 1/10W"; VariantName = "[No Variations]"
Add component (AddParameter): Name = "Price"; Value = "0.01"; VariantName = "[No Variations]"
Add component (AddParameter): Name = "Resistance"; Value = "0 Ohms"; VariantName = "[No Variations]"
Add component (AddParameter): Name = "Series"; Value = "CRCW-C"; VariantName = "[No Variations]"
Add component (AddParameter): Name = "Supplier 1"; Value = "DigiKey"; VariantName = "[No Variations]"
Add component (AddParameter): Name = "Supplier Device Package"; Value = "0603"; VariantName = "[No Variations]"
Add component (AddParameter): Name = "Supplier Part Number 1"; Value = "541-4013-1-ND"; VariantName = "[No Variations]"
Add component (AddParameter): Name = "Tolerance"; Value = "Jumper"; VariantName = "[No Variations]"
Add component (AddParameter): Name = "Value"; Value = "0 Ohms"; VariantName = "[No Variations]"
Added Pin To Net: NetName=+5V_RPi Pin=D5-1
Added Pin To Net: NetName=GND Pin=D5-2
Added Pin To Net: NetName=GND Pin=D6-1
Added Pin To Net: NetName=GND Pin=D9-1
Added Pin To Net: NetName=NetJ1_1 Pin=J1-1
Added Pin To Net: NetName=GND Pin=J1-5
Added Pin To Net: NetName=GND Pin=J1-S
Added Pin To Net: NetName=GND Pin=J1-S
Added Pin To Net: NetName=GND Pin=J1-S
Added Pin To Net: NetName=GND Pin=J1-S
Added Pin To Net: NetName=GND Pin=J1-S
Added Pin To Net: NetName=GND Pin=J1-S
Added Pin To Net: NetName=+5V_RPi Pin=R9-1
Added Pin To Net: NetName=NetJ1_1 Pin=R9-2
Added Pin To Net: NetName=NetD6_2 Pin=D6-2
Added Pin To Net: NetName=NetD6_2 Pin=J1-3
Added Pin To Net: NetName=NetD6_2 Pin=TP4-1
Added Pin To Net: NetName=NetD6_2 Pin=U2-5
Added Net: Name=NetD6_2
Added Pin To Net: NetName=NetD9_2 Pin=D9-2
Added Pin To Net: NetName=NetD9_2 Pin=J1-2
Added Pin To Net: NetName=NetD9_2 Pin=TP3-1
Added Pin To Net: NetName=NetD9_2 Pin=U2-4
Added Net: Name=NetD9_2
Added Member To Class: ClassName=U_Communication Member=Component D5 TPD1E10B06QDPYRQ1
Added Member To Class: ClassName=U_Communication Member=Component D6 ESD321DPYR
Added Member To Class: ClassName=U_Communication Member=Component R9 0 Ohms
