Removed Pin From Net: NetName=+3V3 Pin=C6-1
Removed Pin From Net: NetName=+3V3 Pin=C7-1
Removed Pin From Net: NetName=GND Pin=C7-2
Removed Pin From Net: NetName=+5V_RPi Pin=C27-2
Removed Pin From Net: NetName=TX1 Pin=D1-2
Removed Pin From Net: NetName=RX1 Pin=D2-2
Removed Pin From Net: NetName=+3V3 Pin=R3-2
Removed Pin From Net: NetName=+3V3 Pin=R11-2
Removed Pin From Net: NetName=NetJ1_3 Pin=U2-4
Removed Pin From Net: NetName=NetJ1_2 Pin=U2-5
Removed Pin From Net: NetName=+3V3 Pin=U2-6
Removed Pin From Net: NetName=RX1 Pin=U2-25
Removed Pin From Net: NetName=TX1 Pin=U2-26
Change Footprint: Cannot match pads with new footprint in component :J1 Footprint:CNC TECH 1002-021-01000
Change Component Footprint: Designator=U2 Old Footprint=QFN28N5X5-0p5P New Footprint=SLAB-QFN-28-3125x3125TP_N
Change Component Comment : Designator=U2 Old Comment=CP2102 New Comment=CP2102-GM
Change Component Designator: OldDesignator=C6 NewDesignator=C26
Change Component Designator: OldDesignator=C26 NewDesignator=C6
Change Managed Component Library Link : Designator=U2 Old VaultGUID=e73b7219-2e48-40df-8e58-9f282843690a New VaultGUID=B7D15EC3-160A-466F-A46C-7801FE6295A7 Old ItemGUID=1B71E62E-4B1A-4E3B-A9F7-D13B9A1632C5 New ItemGUID=BDEB42CC-218F-42CB-BEE0-2F374A32E9B8 Old RevisionGUID=aee7f282-9f46-4e8d-b512-bb5433db34b3 New RevisionGUID=74403F10-D6E0-4E91-93F3-AD72849A391E
Change component parameters: Designator = "U2" ("U2"); Footprint = "QFN28N5X5-0p5P"; UniqueID = "\FRUFNQMU\OSUXNUCY" ("\FRUFNQMU\OSUXNUCY")
Change component parameters (AddParameter): Name = "Code_IPC"; Value = "J-STD-020C"; VariantName = "[No Variations]"
Change component parameters (AddParameter): Name = "Code_JEDEC"; Value = "MO-220"; VariantName = "[No Variations]"
Change component parameters (AddParameter): Name = "ComponentLink1Description"; Value = "Manufacturer URL"; VariantName = "[No Variations]"
Change component parameters (AddParameter): Name = "ComponentLink1URL"; Value = "http://www.silabs.com/"; VariantName = "[No Variations]"
Change component parameters (AddParameter): Name = "ComponentLink2Description"; Value = "Datasheet"; VariantName = "[No Variations]"
Change component parameters (AddParameter): Name = "ComponentLink2URL"; Value = "http://www.silabs.com/Support%20Documents/TechnicalDocs/CP2102-9.pdf"; VariantName = "[No Variations]"
Change component parameters (AddParameter): Name = "ComponentLink3Description"; Value = "Package Specification"; VariantName = "[No Variations]"
Change component parameters (AddParameter): Name = "ComponentLink3URL"; Value = "http://www.silabs.com/Support%20Documents/TechnicalDocs/C8051T61x.pdf"; VariantName = "[No Variations]"
Change component parameters (AddParameter): Name = "DatasheetVersion"; Value = "Rev. 1.5"; VariantName = "[No Variations]"
Change component parameters (AddParameter): Name = "EEPROM"; Value = "1024 Bytes"; VariantName = "[No Variations]"
Change component parameters (AddParameter): Name = "Internal Oscillator"; Value = "TRUE"; VariantName = "[No Variations]"
Change component parameters (AddParameter): Name = "Manufacturer"; Value = "Silicon Labs"; VariantName = "[No Variations]"
Change component parameters (AddParameter): Name = "Mounting Technology"; Value = "Surface Mount"; VariantName = "[No Variations]"
Change component parameters (AddParameter): Name = "PackageDescription"; Value = "28-Pin Quad-Flat No-Leads Package, Body 5 x 5 mm, Pitch 0.5 mm"; VariantName = "[No Variations]"
Change component parameters (AddParameter): Name = "PackageReference"; Value = "QFN-28"; VariantName = "[No Variations]"
Change component parameters (AddParameter): Name = "PartNumber"; Value = "CP2102-GM"; VariantName = "[No Variations]"
Change component parameters (AddParameter): Name = "Sub-Family"; Value = "USB Bridges"; VariantName = "[No Variations]"
Added Component: Designator=TP3(FP-S2751-46R-MFG)
Add component (AddParameter): Name = "Body Material"; Value = "Brass"; VariantName = "[No Variations]"
Add component (AddParameter): Name = "Color"; Value = "Natural"; VariantName = "[No Variations]"
Add component (AddParameter): Name = "Material"; Value = "Copper Alloy"; VariantName = "[No Variations]"
Add component (AddParameter): Name = "Mount"; Value = "Surface Mount"; VariantName = "[No Variations]"
Add component (AddParameter): Name = "Packaging"; Value = "Cut Tape"; VariantName = "[No Variations]"
Add component (AddParameter): Name = "Plating"; Value = "Tin"; VariantName = "[No Variations]"
Add component (AddParameter): Name = "Series"; Value = "S2751, EZ BoardWare"; VariantName = "[No Variations]"
Added Component: Designator=TP4(FP-S2751-46R-MFG)
Add component (AddParameter): Name = "Body Material"; Value = "Brass"; VariantName = "[No Variations]"
Add component (AddParameter): Name = "Color"; Value = "Natural"; VariantName = "[No Variations]"
Add component (AddParameter): Name = "Material"; Value = "Copper Alloy"; VariantName = "[No Variations]"
Add component (AddParameter): Name = "Mount"; Value = "Surface Mount"; VariantName = "[No Variations]"
Add component (AddParameter): Name = "Packaging"; Value = "Cut Tape"; VariantName = "[No Variations]"
Add component (AddParameter): Name = "Plating"; Value = "Tin"; VariantName = "[No Variations]"
Add component (AddParameter): Name = "Series"; Value = "S2751, EZ BoardWare"; VariantName = "[No Variations]"
Added Component: Designator=TP5(FP-S2751-46R-MFG)
Add component (AddParameter): Name = "Body Material"; Value = "Brass"; VariantName = "[No Variations]"
Add component (AddParameter): Name = "Color"; Value = "Natural"; VariantName = "[No Variations]"
Add component (AddParameter): Name = "Material"; Value = "Copper Alloy"; VariantName = "[No Variations]"
Add component (AddParameter): Name = "Mount"; Value = "Surface Mount"; VariantName = "[No Variations]"
Add component (AddParameter): Name = "Packaging"; Value = "Cut Tape"; VariantName = "[No Variations]"
Add component (AddParameter): Name = "Plating"; Value = "Tin"; VariantName = "[No Variations]"
Add component (AddParameter): Name = "Series"; Value = "S2751, EZ BoardWare"; VariantName = "[No Variations]"
Added Component: Designator=TP6(FP-S2751-46R-MFG)
Add component (AddParameter): Name = "Body Material"; Value = "Brass"; VariantName = "[No Variations]"
Add component (AddParameter): Name = "Color"; Value = "Natural"; VariantName = "[No Variations]"
Add component (AddParameter): Name = "Material"; Value = "Copper Alloy"; VariantName = "[No Variations]"
Add component (AddParameter): Name = "Mount"; Value = "Surface Mount"; VariantName = "[No Variations]"
Add component (AddParameter): Name = "Packaging"; Value = "Cut Tape"; VariantName = "[No Variations]"
Add component (AddParameter): Name = "Plating"; Value = "Tin"; VariantName = "[No Variations]"
Add component (AddParameter): Name = "Series"; Value = "S2751, EZ BoardWare"; VariantName = "[No Variations]"
Added Pin To Net: NetName=GND Pin=C7-1
Added Pin To Net: NetName=+5V_RPi Pin=C7-2
Added Pin To Net: NetName=NetJ1_2 Pin=TP3-1
Added Pin To Net: NetName=NetJ1_3 Pin=TP4-1
Added Pin To Net: NetName=NetJ1_2 Pin=U2-4
Added Pin To Net: NetName=NetJ1_3 Pin=U2-5
Added Pin To Net: NetName=+3V3_INT Pin=C26-1
Added Pin To Net: NetName=+3V3_INT Pin=C27-2
Added Pin To Net: NetName=+3V3_INT Pin=R3-2
Added Pin To Net: NetName=+3V3_INT Pin=R11-2
Added Pin To Net: NetName=+3V3_INT Pin=U2-6
Added Net: Name=+3V3_INT
Added Pin To Net: NetName=RX0 Pin=D2-2
Added Pin To Net: NetName=RX0 Pin=TP6-1
Added Pin To Net: NetName=RX0 Pin=U2-25
Added Net: Name=RX0
Added Pin To Net: NetName=TX0 Pin=D1-2
Added Pin To Net: NetName=TX0 Pin=TP5-1
Added Pin To Net: NetName=TX0 Pin=U2-26
Added Net: Name=TX0
Added Member To Class: ClassName=U_Microcontroller Member=Component C6 1 µF
Added Member To Class: ClassName=U_Microcontroller Member=Component C7 0.1 µF
Added Member To Class: ClassName=U_Microcontroller Member=Component C26 4.7µF
Added Member To Class: ClassName=U_Microcontroller Member=Component C27 0.1 µF
Added Member To Class: ClassName=U_Microcontroller Member=Component D2 Green
Added Member To Class: ClassName=U_Power Member=Component D4 SK56B-LTP
Added Member To Class: ClassName=U_Power Member=Component R2 301 Ohms
Added Member To Class: ClassName=U_Microcontroller Member=Component R5 10 kOhms
Added Member To Class: ClassName=U_Microcontroller Member=Component R9 0 Ohms
Added Member To Class: ClassName=U_Microcontroller Member=Component R10 10 kOhms
Added Member To Class: ClassName=U_Microcontroller Member=Component R11 1 kOhms
Added Member To Class: ClassName=U_Microcontroller Member=Component R12 698 kOhms
Added Member To Class: ClassName=U_Communication Member=Component R14 0 Ohms
Added Member To Class: ClassName=U_Microcontroller Member=Component TP3 S2751-46R
Added Member To Class: ClassName=U_Microcontroller Member=Component TP4 S2751-46R
Added Member To Class: ClassName=U_Microcontroller Member=Component TP5 S2751-46R
Added Member To Class: ClassName=U_Microcontroller Member=Component TP6 S2751-46R
Added Member To Class: ClassName=U_Microcontroller Member=Component U2 CP2102-GM
Added Member To Class: ClassName=U_Microcontroller Member=Component U3 OPA2340UA/2K5
